<?xml version="1.0" encoding="UTF-8"?>
<!-- Generated by org.testng.reporters.JUnitReportReporter -->
<testsuite hostname="DESKTOP-SB1PT4F" failures="0" tests="3" name="com.restaurantcravx.qa.testcases.LoginPageTest" time="22.406" errors="0" timestamp="2022-01-28T14:33:57 IST" skipped="0">
  <testcase classname="com.restaurantcravx.qa.testcases.LoginPageTest" name="loginPageTitleTest" time="6.592"/>
  <system-out/>
  <testcase classname="com.restaurantcravx.qa.testcases.LoginPageTest" name="loginTest" time="9.416"/>
  <system-out/>
  <testcase classname="com.restaurantcravx.qa.testcases.LoginPageTest" name="CheckQkLogo" time="6.398"/>
  <system-out/>
</testsuite> <!-- com.restaurantcravx.qa.testcases.LoginPageTest -->
